mode: atomic
hpa-tuner/controllers/fakes.go:10.118,13.2 1 59
hpa-tuner/controllers/fakes.go:23.61,24.17 1 45
hpa-tuner/controllers/fakes.go:24.17,26.3 1 0
hpa-tuner/controllers/fakes.go:29.36,31.2 1 0
hpa-tuner/controllers/fakes.go:33.73,35.2 1 0
hpa-tuner/controllers/fakes.go:37.48,39.2 1 6
hpa-tuner/controllers/fakes.go:41.54,43.2 1 0
hpa-tuner/controllers/fakes.go:45.64,47.2 1 8
hpa-tuner/controllers/hpatuner_controller.go:73.79,89.66 8 45
hpa-tuner/controllers/hpatuner_controller.go:96.2,105.59 6 42
hpa-tuner/controllers/hpatuner_controller.go:112.2,112.55 1 42
hpa-tuner/controllers/hpatuner_controller.go:119.2,126.23 3 42
hpa-tuner/controllers/hpatuner_controller.go:89.66,95.3 2 3
hpa-tuner/controllers/hpatuner_controller.go:105.59,109.3 2 0
hpa-tuner/controllers/hpatuner_controller.go:112.55,117.3 3 0
hpa-tuner/controllers/hpatuner_controller.go:130.122,140.18 6 42
hpa-tuner/controllers/hpatuner_controller.go:167.2,167.12 1 42
hpa-tuner/controllers/hpatuner_controller.go:140.18,143.14 3 9
hpa-tuner/controllers/hpatuner_controller.go:143.14,145.4 1 9
hpa-tuner/controllers/hpatuner_controller.go:146.8,146.56 1 33
hpa-tuner/controllers/hpatuner_controller.go:146.56,147.63 1 29
hpa-tuner/controllers/hpatuner_controller.go:147.63,150.48 2 12
hpa-tuner/controllers/hpatuner_controller.go:150.48,152.5 1 6
hpa-tuner/controllers/hpatuner_controller.go:152.10,156.16 3 6
hpa-tuner/controllers/hpatuner_controller.go:156.16,158.6 1 6
hpa-tuner/controllers/hpatuner_controller.go:160.9,162.4 1 17
hpa-tuner/controllers/hpatuner_controller.go:163.8,165.3 1 4
hpa-tuner/controllers/hpatuner_controller.go:170.137,173.70 1 42
hpa-tuner/controllers/hpatuner_controller.go:178.2,180.35 2 42
hpa-tuner/controllers/hpatuner_controller.go:194.2,194.11 1 8
hpa-tuner/controllers/hpatuner_controller.go:173.70,176.3 2 0
hpa-tuner/controllers/hpatuner_controller.go:180.35,183.17 2 34
hpa-tuner/controllers/hpatuner_controller.go:188.3,189.30 2 34
hpa-tuner/controllers/hpatuner_controller.go:183.17,186.4 2 0
hpa-tuner/controllers/hpatuner_controller.go:190.8,192.3 1 8
hpa-tuner/controllers/hpatuner_controller.go:197.160,202.33 4 42
hpa-tuner/controllers/hpatuner_controller.go:202.33,204.45 1 22
hpa-tuner/controllers/hpatuner_controller.go:204.45,209.4 2 2
hpa-tuner/controllers/hpatuner_controller.go:209.9,214.4 2 20
hpa-tuner/controllers/hpatuner_controller.go:215.8,218.29 2 20
hpa-tuner/controllers/hpatuner_controller.go:218.29,220.4 1 7
hpa-tuner/controllers/hpatuner_controller.go:220.9,222.4 1 13
hpa-tuner/controllers/hpatuner_controller.go:227.80,232.43 3 42
hpa-tuner/controllers/hpatuner_controller.go:236.2,237.123 2 42
hpa-tuner/controllers/hpatuner_controller.go:242.2,244.16 2 42
hpa-tuner/controllers/hpatuner_controller.go:232.43,234.3 1 24
hpa-tuner/controllers/hpatuner_controller.go:237.123,240.3 1 22
hpa-tuner/controllers/hpatuner_controller.go:247.150,251.22 3 15
hpa-tuner/controllers/hpatuner_controller.go:255.2,256.61 2 15
hpa-tuner/controllers/hpatuner_controller.go:260.2,260.21 1 15
hpa-tuner/controllers/hpatuner_controller.go:267.2,267.66 1 15
hpa-tuner/controllers/hpatuner_controller.go:271.2,271.18 1 15
hpa-tuner/controllers/hpatuner_controller.go:251.22,253.3 1 0
hpa-tuner/controllers/hpatuner_controller.go:256.61,258.3 1 0
hpa-tuner/controllers/hpatuner_controller.go:260.21,262.3 1 6
hpa-tuner/controllers/hpatuner_controller.go:262.8,264.3 1 9
hpa-tuner/controllers/hpatuner_controller.go:267.66,269.3 1 0
hpa-tuner/controllers/hpatuner_controller.go:274.60,277.37 2 106
hpa-tuner/controllers/hpatuner_controller.go:284.2,286.55 2 106
hpa-tuner/controllers/hpatuner_controller.go:292.2,298.17 1 106
hpa-tuner/controllers/hpatuner_controller.go:277.37,280.3 1 17
hpa-tuner/controllers/hpatuner_controller.go:280.8,282.3 1 89
hpa-tuner/controllers/hpatuner_controller.go:286.55,288.3 1 80
hpa-tuner/controllers/hpatuner_controller.go:288.8,290.3 1 26
hpa-tuner/controllers/hpatuner_controller.go:301.55,306.2 1 84
hpa-tuner/controllers/hpatuner_controller.go:308.115,310.2 1 0
hpa-tuner/controllers/hpatuner_controller.go:312.31,314.33 2 32
hpa-tuner/controllers/hpatuner_controller.go:320.2,320.12 1 32
hpa-tuner/controllers/hpatuner_controller.go:314.33,315.20 1 52
hpa-tuner/controllers/hpatuner_controller.go:315.20,317.4 1 28
hpa-tuner/controllers/hpatuner_controller.go:323.123,324.49 1 29
hpa-tuner/controllers/hpatuner_controller.go:331.2,331.14 1 17
hpa-tuner/controllers/hpatuner_controller.go:324.49,326.18 1 19
hpa-tuner/controllers/hpatuner_controller.go:326.18,328.4 1 12
hpa-tuner/controllers/hpatuner_controller.go:334.56,337.106 1 36
hpa-tuner/controllers/hpatuner_controller.go:341.2,341.14 1 14
hpa-tuner/controllers/hpatuner_controller.go:337.106,339.3 1 22
hpa-tuner/controllers/hpatuner_controller.go:344.107,347.2 2 46
hpa-tuner/controllers/hpatuner_controller.go:349.107,351.2 1 33
hpa-tuner/controllers/hpatuner_controller.go:354.71,358.16 3 1
hpa-tuner/controllers/hpatuner_controller.go:362.2,373.37 10 1
hpa-tuner/controllers/hpatuner_controller.go:377.2,379.14 1 1
hpa-tuner/controllers/hpatuner_controller.go:358.16,360.3 1 0
hpa-tuner/controllers/hpatuner_controller.go:373.37,375.3 1 0
hpa-tuner/controllers/scaling_decision_service.go:30.75,33.12 2 2
hpa-tuner/controllers/scaling_decision_service.go:33.12,42.3 2 1
hpa-tuner/controllers/scaling_decision_service.go:42.8,45.3 2 1
hpa-tuner/controllers/scaling_decision_service.go:61.118,79.16 12 1
hpa-tuner/controllers/scaling_decision_service.go:84.2,85.16 2 1
hpa-tuner/controllers/scaling_decision_service.go:90.2,97.8 4 1
hpa-tuner/controllers/scaling_decision_service.go:79.16,82.3 2 0
hpa-tuner/controllers/scaling_decision_service.go:85.16,88.3 2 0
