mode: atomic
hpa-tuner/controllers/hpatuner_controller.go:89.79,104.66 7 30
hpa-tuner/controllers/hpatuner_controller.go:111.2,120.59 6 28
hpa-tuner/controllers/hpatuner_controller.go:127.2,127.55 1 28
hpa-tuner/controllers/hpatuner_controller.go:134.2,141.23 3 28
hpa-tuner/controllers/hpatuner_controller.go:104.66,110.3 2 2
hpa-tuner/controllers/hpatuner_controller.go:120.59,124.3 2 0
hpa-tuner/controllers/hpatuner_controller.go:127.55,132.3 3 0
hpa-tuner/controllers/hpatuner_controller.go:145.122,152.18 5 28
hpa-tuner/controllers/hpatuner_controller.go:179.2,179.12 1 28
hpa-tuner/controllers/hpatuner_controller.go:152.18,155.14 3 5
hpa-tuner/controllers/hpatuner_controller.go:155.14,157.4 1 5
hpa-tuner/controllers/hpatuner_controller.go:158.8,158.56 1 23
hpa-tuner/controllers/hpatuner_controller.go:158.56,159.63 1 19
hpa-tuner/controllers/hpatuner_controller.go:159.63,162.48 2 3
hpa-tuner/controllers/hpatuner_controller.go:162.48,164.5 1 1
hpa-tuner/controllers/hpatuner_controller.go:164.10,168.16 3 2
hpa-tuner/controllers/hpatuner_controller.go:168.16,170.6 1 2
hpa-tuner/controllers/hpatuner_controller.go:172.9,174.4 1 16
hpa-tuner/controllers/hpatuner_controller.go:175.8,177.3 1 4
hpa-tuner/controllers/hpatuner_controller.go:182.160,187.33 4 28
hpa-tuner/controllers/hpatuner_controller.go:187.33,188.45 1 2
hpa-tuner/controllers/hpatuner_controller.go:188.45,190.4 1 0
hpa-tuner/controllers/hpatuner_controller.go:190.9,195.4 2 2
hpa-tuner/controllers/hpatuner_controller.go:196.8,199.29 2 26
hpa-tuner/controllers/hpatuner_controller.go:199.29,201.4 1 5
hpa-tuner/controllers/hpatuner_controller.go:201.9,203.4 1 21
hpa-tuner/controllers/hpatuner_controller.go:208.80,211.123 2 28
hpa-tuner/controllers/hpatuner_controller.go:216.2,216.14 1 26
hpa-tuner/controllers/hpatuner_controller.go:211.123,214.3 1 2
hpa-tuner/controllers/hpatuner_controller.go:219.150,223.22 3 7
hpa-tuner/controllers/hpatuner_controller.go:227.2,228.61 2 7
hpa-tuner/controllers/hpatuner_controller.go:232.2,232.21 1 7
hpa-tuner/controllers/hpatuner_controller.go:239.2,239.66 1 7
hpa-tuner/controllers/hpatuner_controller.go:243.2,243.18 1 7
hpa-tuner/controllers/hpatuner_controller.go:223.22,225.3 1 0
hpa-tuner/controllers/hpatuner_controller.go:228.61,230.3 1 0
hpa-tuner/controllers/hpatuner_controller.go:232.21,234.3 1 2
hpa-tuner/controllers/hpatuner_controller.go:234.8,236.3 1 5
hpa-tuner/controllers/hpatuner_controller.go:239.66,241.3 1 0
hpa-tuner/controllers/hpatuner_controller.go:246.60,249.37 2 30
hpa-tuner/controllers/hpatuner_controller.go:255.2,257.55 2 30
hpa-tuner/controllers/hpatuner_controller.go:263.2,269.17 1 30
hpa-tuner/controllers/hpatuner_controller.go:249.37,251.3 1 18
hpa-tuner/controllers/hpatuner_controller.go:251.8,253.3 1 12
hpa-tuner/controllers/hpatuner_controller.go:257.55,259.3 1 24
hpa-tuner/controllers/hpatuner_controller.go:259.8,261.3 1 6
hpa-tuner/controllers/hpatuner_controller.go:272.55,277.2 1 28
hpa-tuner/controllers/hpatuner_controller.go:279.115,281.2 1 0
hpa-tuner/controllers/hpatuner_controller.go:283.31,285.33 2 29
hpa-tuner/controllers/hpatuner_controller.go:291.2,291.12 1 29
hpa-tuner/controllers/hpatuner_controller.go:285.33,286.20 1 55
hpa-tuner/controllers/hpatuner_controller.go:286.20,288.4 1 40
hpa-tuner/controllers/hpatuner_controller.go:294.137,297.70 1 28
hpa-tuner/controllers/hpatuner_controller.go:302.2,302.35 1 28
hpa-tuner/controllers/hpatuner_controller.go:308.2,308.11 1 21
hpa-tuner/controllers/hpatuner_controller.go:297.70,300.3 2 0
hpa-tuner/controllers/hpatuner_controller.go:302.35,306.3 3 7
hpa-tuner/controllers/hpatuner_controller.go:311.123,312.49 1 19
hpa-tuner/controllers/hpatuner_controller.go:319.2,319.14 1 16
hpa-tuner/controllers/hpatuner_controller.go:312.49,314.18 1 12
hpa-tuner/controllers/hpatuner_controller.go:314.18,316.4 1 3
hpa-tuner/controllers/hpatuner_controller.go:322.56,325.106 1 12
hpa-tuner/controllers/hpatuner_controller.go:329.2,329.14 1 9
hpa-tuner/controllers/hpatuner_controller.go:325.106,327.3 1 3
hpa-tuner/controllers/hpatuner_controller.go:332.107,335.2 2 19
hpa-tuner/controllers/hpatuner_controller.go:337.107,339.2 1 23
hpa-tuner/controllers/hpatuner_controller.go:342.71,346.16 3 1
hpa-tuner/controllers/hpatuner_controller.go:350.2,362.14 10 1
hpa-tuner/controllers/hpatuner_controller.go:346.16,348.3 1 0
