mode: atomic
hpa-tuner/controllers/scaling_decision_service.go:25.60,28.12 2 1
hpa-tuner/controllers/scaling_decision_service.go:28.12,32.3 1 1
hpa-tuner/controllers/scaling_decision_service.go:32.8,34.3 1 0
hpa-tuner/controllers/scaling_decision_service.go:42.108,55.2 1 1
hpa-tuner/controllers/hpatuner_controller.go:74.79,89.66 7 0
hpa-tuner/controllers/hpatuner_controller.go:96.2,105.59 6 0
hpa-tuner/controllers/hpatuner_controller.go:112.2,112.55 1 0
hpa-tuner/controllers/hpatuner_controller.go:119.2,126.23 3 0
hpa-tuner/controllers/hpatuner_controller.go:89.66,95.3 2 0
hpa-tuner/controllers/hpatuner_controller.go:105.59,109.3 2 0
hpa-tuner/controllers/hpatuner_controller.go:112.55,117.3 3 0
hpa-tuner/controllers/hpatuner_controller.go:130.122,137.18 5 0
hpa-tuner/controllers/hpatuner_controller.go:164.2,164.12 1 0
hpa-tuner/controllers/hpatuner_controller.go:137.18,140.14 3 0
hpa-tuner/controllers/hpatuner_controller.go:140.14,142.4 1 0
hpa-tuner/controllers/hpatuner_controller.go:143.8,143.56 1 0
hpa-tuner/controllers/hpatuner_controller.go:143.56,144.63 1 0
hpa-tuner/controllers/hpatuner_controller.go:144.63,147.48 2 0
hpa-tuner/controllers/hpatuner_controller.go:147.48,149.5 1 0
hpa-tuner/controllers/hpatuner_controller.go:149.10,153.16 3 0
hpa-tuner/controllers/hpatuner_controller.go:153.16,155.6 1 0
hpa-tuner/controllers/hpatuner_controller.go:157.9,159.4 1 0
hpa-tuner/controllers/hpatuner_controller.go:160.8,162.3 1 0
hpa-tuner/controllers/hpatuner_controller.go:167.137,170.70 1 0
hpa-tuner/controllers/hpatuner_controller.go:176.2,178.35 2 0
hpa-tuner/controllers/hpatuner_controller.go:184.2,184.11 1 0
hpa-tuner/controllers/hpatuner_controller.go:170.70,173.3 2 0
hpa-tuner/controllers/hpatuner_controller.go:178.35,182.3 3 0
hpa-tuner/controllers/hpatuner_controller.go:187.160,192.33 4 0
hpa-tuner/controllers/hpatuner_controller.go:192.33,193.45 1 0
hpa-tuner/controllers/hpatuner_controller.go:193.45,195.4 1 0
hpa-tuner/controllers/hpatuner_controller.go:195.9,200.4 2 0
hpa-tuner/controllers/hpatuner_controller.go:201.8,204.29 2 0
hpa-tuner/controllers/hpatuner_controller.go:204.29,206.4 1 0
hpa-tuner/controllers/hpatuner_controller.go:206.9,208.4 1 0
hpa-tuner/controllers/hpatuner_controller.go:213.80,216.123 2 0
hpa-tuner/controllers/hpatuner_controller.go:221.2,221.14 1 0
hpa-tuner/controllers/hpatuner_controller.go:216.123,219.3 1 0
hpa-tuner/controllers/hpatuner_controller.go:224.150,228.22 3 0
hpa-tuner/controllers/hpatuner_controller.go:232.2,233.61 2 0
hpa-tuner/controllers/hpatuner_controller.go:237.2,237.21 1 0
hpa-tuner/controllers/hpatuner_controller.go:244.2,244.66 1 0
hpa-tuner/controllers/hpatuner_controller.go:248.2,248.18 1 0
hpa-tuner/controllers/hpatuner_controller.go:228.22,230.3 1 0
hpa-tuner/controllers/hpatuner_controller.go:233.61,235.3 1 0
hpa-tuner/controllers/hpatuner_controller.go:237.21,239.3 1 0
hpa-tuner/controllers/hpatuner_controller.go:239.8,241.3 1 0
hpa-tuner/controllers/hpatuner_controller.go:244.66,246.3 1 0
hpa-tuner/controllers/hpatuner_controller.go:251.60,254.37 2 0
hpa-tuner/controllers/hpatuner_controller.go:260.2,262.55 2 0
hpa-tuner/controllers/hpatuner_controller.go:268.2,274.17 1 0
hpa-tuner/controllers/hpatuner_controller.go:254.37,256.3 1 0
hpa-tuner/controllers/hpatuner_controller.go:256.8,258.3 1 0
hpa-tuner/controllers/hpatuner_controller.go:262.55,264.3 1 0
hpa-tuner/controllers/hpatuner_controller.go:264.8,266.3 1 0
hpa-tuner/controllers/hpatuner_controller.go:277.55,282.2 1 0
hpa-tuner/controllers/hpatuner_controller.go:284.115,286.2 1 0
hpa-tuner/controllers/hpatuner_controller.go:288.31,290.33 2 0
hpa-tuner/controllers/hpatuner_controller.go:296.2,296.12 1 0
hpa-tuner/controllers/hpatuner_controller.go:290.33,291.20 1 0
hpa-tuner/controllers/hpatuner_controller.go:291.20,293.4 1 0
hpa-tuner/controllers/hpatuner_controller.go:300.123,301.49 1 0
hpa-tuner/controllers/hpatuner_controller.go:308.2,308.14 1 0
hpa-tuner/controllers/hpatuner_controller.go:301.49,303.18 1 0
hpa-tuner/controllers/hpatuner_controller.go:303.18,305.4 1 0
hpa-tuner/controllers/hpatuner_controller.go:311.56,314.106 1 0
hpa-tuner/controllers/hpatuner_controller.go:318.2,318.14 1 0
hpa-tuner/controllers/hpatuner_controller.go:314.106,316.3 1 0
hpa-tuner/controllers/hpatuner_controller.go:321.107,324.2 2 0
hpa-tuner/controllers/hpatuner_controller.go:326.107,328.2 1 0
hpa-tuner/controllers/hpatuner_controller.go:331.71,335.16 4 1
hpa-tuner/controllers/hpatuner_controller.go:339.2,350.37 10 1
hpa-tuner/controllers/hpatuner_controller.go:354.2,356.14 1 1
hpa-tuner/controllers/hpatuner_controller.go:335.16,337.3 1 0
hpa-tuner/controllers/hpatuner_controller.go:350.37,352.3 1 0
