mode: atomic
hpa-tuner/controllers/hpatuner_controller.go:84.79,99.66 9 2
hpa-tuner/controllers/hpatuner_controller.go:106.2,119.59 6 1
hpa-tuner/controllers/hpatuner_controller.go:125.2,128.55 2 1
hpa-tuner/controllers/hpatuner_controller.go:135.2,142.23 3 1
hpa-tuner/controllers/hpatuner_controller.go:99.66,105.3 2 0
hpa-tuner/controllers/hpatuner_controller.go:119.59,123.3 2 0
hpa-tuner/controllers/hpatuner_controller.go:128.55,133.3 3 0
hpa-tuner/controllers/hpatuner_controller.go:146.122,153.41 4 1
hpa-tuner/controllers/hpatuner_controller.go:170.2,170.12 1 1
hpa-tuner/controllers/hpatuner_controller.go:153.41,158.3 2 0
hpa-tuner/controllers/hpatuner_controller.go:158.8,158.43 1 1
hpa-tuner/controllers/hpatuner_controller.go:158.43,160.43 2 0
hpa-tuner/controllers/hpatuner_controller.go:160.43,163.4 2 0
hpa-tuner/controllers/hpatuner_controller.go:163.9,165.4 1 0
hpa-tuner/controllers/hpatuner_controller.go:166.8,168.3 1 1
hpa-tuner/controllers/hpatuner_controller.go:173.141,176.61 3 0
hpa-tuner/controllers/hpatuner_controller.go:180.2,185.12 3 0
hpa-tuner/controllers/hpatuner_controller.go:176.61,178.3 1 0
hpa-tuner/controllers/hpatuner_controller.go:188.60,191.37 2 1
hpa-tuner/controllers/hpatuner_controller.go:197.2,199.55 2 1
hpa-tuner/controllers/hpatuner_controller.go:205.2,211.17 1 1
hpa-tuner/controllers/hpatuner_controller.go:191.37,193.3 1 1
hpa-tuner/controllers/hpatuner_controller.go:193.8,195.3 1 0
hpa-tuner/controllers/hpatuner_controller.go:199.55,201.3 1 1
hpa-tuner/controllers/hpatuner_controller.go:201.8,203.3 1 0
hpa-tuner/controllers/hpatuner_controller.go:214.84,219.2 2 1
hpa-tuner/controllers/hpatuner_controller.go:221.31,223.32 2 1
hpa-tuner/controllers/hpatuner_controller.go:229.2,229.12 1 1
hpa-tuner/controllers/hpatuner_controller.go:223.32,224.20 1 2
hpa-tuner/controllers/hpatuner_controller.go:224.20,226.4 1 0
hpa-tuner/controllers/hpatuner_controller.go:232.113,236.2 1 1
hpa-tuner/controllers/hpatuner_controller.go:238.97,240.68 2 0
hpa-tuner/controllers/hpatuner_controller.go:246.2,246.14 1 0
hpa-tuner/controllers/hpatuner_controller.go:240.68,241.18 1 0
hpa-tuner/controllers/hpatuner_controller.go:241.18,243.4 1 0
hpa-tuner/controllers/hpatuner_controller.go:249.56,250.53 1 0
hpa-tuner/controllers/hpatuner_controller.go:253.2,253.14 1 0
hpa-tuner/controllers/hpatuner_controller.go:250.53,252.3 1 0
hpa-tuner/controllers/hpatuner_controller.go:256.121,258.2 1 0
hpa-tuner/controllers/hpatuner_controller.go:260.90,262.2 1 0
hpa-tuner/controllers/hpatuner_controller.go:264.94,266.2 1 1
hpa-tuner/controllers/hpatuner_controller.go:268.71,272.16 3 1
hpa-tuner/controllers/hpatuner_controller.go:276.2,288.14 9 1
hpa-tuner/controllers/hpatuner_controller.go:272.16,274.3 1 0
